<?xml version="1.0" encoding="UTF-8"?>
<testsuite name="com.pingponggame.PingPongGameApplicationTests" tests="4" skipped="0" failures="0" errors="0" timestamp="2021-08-26T16:27:16" hostname="DESKTOP-BSRHQP5" time="0.189">
  <properties/>
  <testcase name="enemyUpperEdgeTest()" classname="com.pingponggame.PingPongGameApplicationTests" time="0.137"/>
  <testcase name="enemyStrategyFalseTest()" classname="com.pingponggame.PingPongGameApplicationTests" time="0.01"/>
  <testcase name="enemyStrategyTrueTest()" classname="com.pingponggame.PingPongGameApplicationTests" time="0.009"/>
  <testcase name="enemyLowerEdgeTest()" classname="com.pingponggame.PingPongGameApplicationTests" time="0.028"/>
  <system-out><![CDATA[]]></system-out>
  <system-err><![CDATA[]]></system-err>
</testsuite>
